

***********************************************************************
Fatal OSN connect error 12203, connecting to:
 (DESCRIPTION=(CONNECT_DATA=(SID=ima)(CID=(PROGRAM=P_Hotel.exe)(HOST=Windows NT PC)(USER=OsvaldirRamos)))(ADDRESS_LIST=(ADDRESS=(PROTOCOL=ipc)(KEY=hotel.world))(ADDRESS=(COMMUNITY=tcp.world)(PROTOCOL=TCP)(Host=10.132.8.125)(Port=1521))(ADDRESS=(COMMUNITY=tcp.world)(PROTOCOL=TCP)(Host=10.132.8.125)(Port=1526))))

  VERSION INFORMATION:
	TNS for 32-bit Windows: Version 2.3.2.1.0 - Production
	Windows 32 Named Pipes IPC NT Protocol Adaptor for 32-bit Windows: Version 2.3.2.1.3 - Production
	Windows NT TCP/IP NT Protocol Adapter for 32-bit Windows: Version 2.3.2.1.3 - Production
  Time: 02-MAR-08 12:19:19
  Tracing not turned on.
  Tns error struct:
    nr err code: 12203
    TNS-12203: TNS:unable to connect to destination
    ns main err code: 12535
    TNS-12535: TNS:operation timed out
    ns secondary err code: 12560
    nt main err code: 505
    TNS-00505: Operation timed out
    nt secondary err code: 60
    nt OS err code: 0


***********************************************************************
Fatal OSN connect error 12203, connecting to:
 (DESCRIPTION=(CONNECT_DATA=(SID=ima)(CID=(PROGRAM=P_Hotel.exe)(HOST=Windows NT PC)(USER=Osvaldir)))(ADDRESS_LIST=(ADDRESS=(PROTOCOL=ipc)(KEY=hotel.world))(ADDRESS=(COMMUNITY=tcp.world)(PROTOCOL=TCP)(Host=192.168.24.122)(Port=1521))(ADDRESS=(COMMUNITY=tcp.world)(PROTOCOL=TCP)(Host=192.168.24.122)(Port=1526))))

  VERSION INFORMATION:
	TNS for 32-bit Windows: Version 2.3.2.1.0 - Production
	Windows 32 Named Pipes IPC NT Protocol Adaptor for 32-bit Windows: Version 2.3.2.1.3 - Production
	Windows NT TCP/IP NT Protocol Adapter for 32-bit Windows: Version 2.3.2.1.3 - Production
  Time: 23-JAN-12 16:03:08
  Tracing not turned on.
  Tns error struct:
    nr err code: 12203
    TNS-12203: TNS:não é possível estabelecer conexão com o destino
    ns main err code: 12535
    TNS-12535: TNS:tempo esgotado para operação
    ns secondary err code: 12560
    nt main err code: 505
    TNS-00505: Operação com tempo de espera
    nt secondary err code: 60
    nt OS err code: 0
