

***********************************************************************
Fatal OSN connect error 12203, connecting to:
 (DESCRIPTION=(CONNECT_DATA=(SID=ipv)(CID=(PROGRAM=delphi32.exe)(HOST=Windows NT PC)(USER=OsvaldirDRamos)))(ADDRESS_LIST=(ADDRESS=(PROTOCOL=ipc)(KEY=Hotel.world))(ADDRESS=(COMMUNITY=tcp.world)(PROTOCOL=TCP)(Host=192.168.8.3)(Port=1521))(ADDRESS=(COMMUNITY=tcp.world)(PROTOCOL=TCP)(Host=192.168.8.3)(Port=1526))))

  VERSION INFORMATION:
	TNS for 32-bit Windows: Version 2.3.2.1.0 - Production
	Windows 32 Named Pipes IPC NT Protocol Adaptor for 32-bit Windows: Version 2.3.2.1.3 - Production
	Windows NT TCP/IP NT Protocol Adapter for 32-bit Windows: Version 2.3.2.1.3 - Production
  Time: 28-MAR-05 14:09:27
  Tracing not turned on.
  Tns error struct:
    nr err code: 12203
    TNS-12203: TNS:unable to connect to destination
    ns main err code: 12541
    TNS-12541: TNS:no listener
    ns secondary err code: 12560
    nt main err code: 511
    TNS-00511: No listener
    nt secondary err code: 61
    nt OS err code: 0


***********************************************************************
Fatal OSN connect error 12203, connecting to:
 (DESCRIPTION=(CONNECT_DATA=(SID=ipv)(CID=(PROGRAM=delphi32.exe)(HOST=Windows NT PC)(USER=OsvaldirDRamos)))(ADDRESS_LIST=(ADDRESS=(PROTOCOL=ipc)(KEY=Hotel.world))(ADDRESS=(COMMUNITY=tcp.world)(PROTOCOL=TCP)(Host=192.168.8.3)(Port=1521))(ADDRESS=(COMMUNITY=tcp.world)(PROTOCOL=TCP)(Host=192.168.8.3)(Port=1526))))

  VERSION INFORMATION:
	TNS for 32-bit Windows: Version 2.3.2.1.0 - Production
	Windows 32 Named Pipes IPC NT Protocol Adaptor for 32-bit Windows: Version 2.3.2.1.3 - Production
	Windows NT TCP/IP NT Protocol Adapter for 32-bit Windows: Version 2.3.2.1.3 - Production
  Time: 28-MAR-05 14:09:34
  Tracing not turned on.
  Tns error struct:
    nr err code: 12203
    TNS-12203: TNS:unable to connect to destination
    ns main err code: 12541
    TNS-12541: TNS:no listener
    ns secondary err code: 12560
    nt main err code: 511
    TNS-00511: No listener
    nt secondary err code: 61
    nt OS err code: 0


***********************************************************************
Fatal OSN connect error 12203, connecting to:
 (DESCRIPTION=(CONNECT_DATA=(SID=ima)(CID=(PROGRAM=P_Hotel.exe)(HOST=Windows NT PC)(USER=OsvaldirDRamos)))(ADDRESS_LIST=(ADDRESS=(PROTOCOL=ipc)(KEY=Hotel.world))(ADDRESS=(COMMUNITY=tcp.world)(PROTOCOL=TCP)(Host=10.132.8.125)(Port=1521))(ADDRESS=(COMMUNITY=tcp.world)(PROTOCOL=TCP)(Host=10.132.8.125)(Port=1526))))

  VERSION INFORMATION:
	TNS for 32-bit Windows: Version 2.3.2.1.0 - Production
	Windows 32 Named Pipes IPC NT Protocol Adaptor for 32-bit Windows: Version 2.3.2.1.3 - Production
	Windows NT TCP/IP NT Protocol Adapter for 32-bit Windows: Version 2.3.2.1.3 - Production
  Time: 05-DEC-06 16:37:18
  Tracing not turned on.
  Tns error struct:
    nr err code: 12203
    TNS-12203: TNS:unable to connect to destination
    ns main err code: 12535
    TNS-12535: TNS:operation timed out
    ns secondary err code: 12560
    nt main err code: 505
    TNS-00505: Operation timed out
    nt secondary err code: 60
    nt OS err code: 0


***********************************************************************
Fatal OSN connect error 12203, connecting to:
 (DESCRIPTION=(CONNECT_DATA=(SID=ima)(CID=(PROGRAM=delphi32.exe)(HOST=Windows NT PC)(USER=OsvaldirDRamos)))(ADDRESS_LIST=(ADDRESS=(PROTOCOL=ipc)(KEY=Hotel.world))(ADDRESS=(COMMUNITY=tcp.world)(PROTOCOL=TCP)(Host=10.132.8.125)(Port=1521))(ADDRESS=(COMMUNITY=tcp.world)(PROTOCOL=TCP)(Host=10.132.8.125)(Port=1526))))

  VERSION INFORMATION:
	TNS for 32-bit Windows: Version 2.3.2.1.0 - Production
	Windows 32 Named Pipes IPC NT Protocol Adaptor for 32-bit Windows: Version 2.3.2.1.3 - Production
	Windows NT TCP/IP NT Protocol Adapter for 32-bit Windows: Version 2.3.2.1.3 - Production
  Time: 05-DEC-06 16:38:55
  Tracing not turned on.
  Tns error struct:
    nr err code: 12203
    TNS-12203: TNS:unable to connect to destination
    ns main err code: 12535
    TNS-12535: TNS:operation timed out
    ns secondary err code: 12560
    nt main err code: 505
    TNS-00505: Operation timed out
    nt secondary err code: 60
    nt OS err code: 0


***********************************************************************
Fatal OSN connect error 12203, connecting to:
 (DESCRIPTION=(CONNECT_DATA=(SID=ima)(CID=(PROGRAM=delphi32.exe)(HOST=Windows NT PC)(USER=OsvaldirDRamos)))(ADDRESS_LIST=(ADDRESS=(PROTOCOL=ipc)(KEY=Hotel.world))(ADDRESS=(COMMUNITY=tcp.world)(PROTOCOL=TCP)(Host=10.132.8.125)(Port=1521))(ADDRESS=(COMMUNITY=tcp.world)(PROTOCOL=TCP)(Host=10.132.8.125)(Port=1526))))

  VERSION INFORMATION:
	TNS for 32-bit Windows: Version 2.3.2.1.0 - Production
	Windows 32 Named Pipes IPC NT Protocol Adaptor for 32-bit Windows: Version 2.3.2.1.3 - Production
	Windows NT TCP/IP NT Protocol Adapter for 32-bit Windows: Version 2.3.2.1.3 - Production
  Time: 05-DEC-06 16:40:32
  Tracing not turned on.
  Tns error struct:
    nr err code: 12203
    TNS-12203: TNS:unable to connect to destination
    ns main err code: 12535
    TNS-12535: TNS:operation timed out
    ns secondary err code: 12560
    nt main err code: 505
    TNS-00505: Operation timed out
    nt secondary err code: 60
    nt OS err code: 0


***********************************************************************
Fatal OSN connect error 12203, connecting to:
 (DESCRIPTION=(CONNECT_DATA=(SID=ima)(CID=(PROGRAM=P_Hotel.exe)(HOST=Windows NT PC)(USER=OsvaldirDRamos)))(ADDRESS_LIST=(ADDRESS=(PROTOCOL=ipc)(KEY=Hotel.world))(ADDRESS=(COMMUNITY=tcp.world)(PROTOCOL=TCP)(Host=10.132.8.125)(Port=1521))(ADDRESS=(COMMUNITY=tcp.world)(PROTOCOL=TCP)(Host=10.132.8.125)(Port=1526))))

  VERSION INFORMATION:
	TNS for 32-bit Windows: Version 2.3.2.1.0 - Production
	Windows 32 Named Pipes IPC NT Protocol Adaptor for 32-bit Windows: Version 2.3.2.1.3 - Production
	Windows NT TCP/IP NT Protocol Adapter for 32-bit Windows: Version 2.3.2.1.3 - Production
  Time: 05-DEC-06 16:43:23
  Tracing not turned on.
  Tns error struct:
    nr err code: 12203
    TNS-12203: TNS:unable to connect to destination
    ns main err code: 12535
    TNS-12535: TNS:operation timed out
    ns secondary err code: 12560
    nt main err code: 505
    TNS-00505: Operation timed out
    nt secondary err code: 60
    nt OS err code: 0


***********************************************************************
Fatal OSN connect error 12203, connecting to:
 (DESCRIPTION=(CONNECT_DATA=(SID=ipv)(CID=(PROGRAM=delphi32.exe)(HOST=Windows NT PC)(USER=OsvaldirDRamos)))(ADDRESS_LIST=(ADDRESS=(PROTOCOL=ipc)(KEY=Hotel.world))(ADDRESS=(COMMUNITY=tcp.world)(PROTOCOL=TCP)(Host=192.168.8.32)(Port=1521))(ADDRESS=(COMMUNITY=tcp.world)(PROTOCOL=TCP)(Host=192.168.8.32)(Port=1526))))

  VERSION INFORMATION:
	TNS for 32-bit Windows: Version 2.3.2.1.0 - Production
	Windows 32 Named Pipes IPC NT Protocol Adaptor for 32-bit Windows: Version 2.3.2.1.3 - Production
	Windows NT TCP/IP NT Protocol Adapter for 32-bit Windows: Version 2.3.2.1.3 - Production
  Time: 12-MAR-07 14:57:14
  Tracing not turned on.
  Tns error struct:
    nr err code: 12203
    TNS-12203: TNS:unable to connect to destination
    ns main err code: 12535
    TNS-12535: TNS:operation timed out
    ns secondary err code: 12560
    nt main err code: 505
    TNS-00505: Operation timed out
    nt secondary err code: 60
    nt OS err code: 0


***********************************************************************
Fatal OSN connect error 12203, connecting to:
 (DESCRIPTION=(CONNECT_DATA=(SID=ipv)(CID=(PROGRAM=delphi32.exe)(HOST=Windows NT PC)(USER=OsvaldirDRamos)))(ADDRESS_LIST=(ADDRESS=(PROTOCOL=ipc)(KEY=Hotel.world))(ADDRESS=(COMMUNITY=tcp.world)(PROTOCOL=TCP)(Host=192.168.8.32)(Port=1521))(ADDRESS=(COMMUNITY=tcp.world)(PROTOCOL=TCP)(Host=192.168.8.32)(Port=1526))))

  VERSION INFORMATION:
	TNS for 32-bit Windows: Version 2.3.2.1.0 - Production
	Windows 32 Named Pipes IPC NT Protocol Adaptor for 32-bit Windows: Version 2.3.2.1.3 - Production
	Windows NT TCP/IP NT Protocol Adapter for 32-bit Windows: Version 2.3.2.1.3 - Production
  Time: 12-MAR-07 14:58:45
  Tracing not turned on.
  Tns error struct:
    nr err code: 12203
    TNS-12203: TNS:unable to connect to destination
    ns main err code: 12535
    TNS-12535: TNS:operation timed out
    ns secondary err code: 12560
    nt main err code: 505
    TNS-00505: Operation timed out
    nt secondary err code: 60
    nt OS err code: 0


***********************************************************************
Fatal OSN connect error 12203, connecting to:
 (DESCRIPTION=(CONNECT_DATA=(SID=ima)(CID=(PROGRAM=P_Hotel.exe)(HOST=Windows NT PC)(USER=OsvaldirDRamos)))(ADDRESS_LIST=(ADDRESS=(PROTOCOL=ipc)(KEY=Hotel.world))(ADDRESS=(COMMUNITY=tcp.world)(PROTOCOL=TCP)(Host=10.132.8.125)(Port=1521))(ADDRESS=(COMMUNITY=tcp.world)(PROTOCOL=TCP)(Host=10.132.8.125)(Port=1526))))

  VERSION INFORMATION:
	TNS for 32-bit Windows: Version 2.3.2.1.0 - Production
	Windows 32 Named Pipes IPC NT Protocol Adaptor for 32-bit Windows: Version 2.3.2.1.3 - Production
	Windows NT TCP/IP NT Protocol Adapter for 32-bit Windows: Version 2.3.2.1.3 - Production
  Time: 14-MAR-07 14:06:40
  Tracing not turned on.
  Tns error struct:
    nr err code: 12203
    TNS-12203: TNS:unable to connect to destination
    ns main err code: 12541
    TNS-12541: TNS:no listener
    ns secondary err code: 12560
    nt main err code: 511
    TNS-00511: No listener
    nt secondary err code: 61
    nt OS err code: 0


***********************************************************************
Fatal OSN connect error 12203, connecting to:
 (DESCRIPTION=(CONNECT_DATA=(SID=ima)(CID=(PROGRAM=delphi32.exe)(HOST=Windows NT PC)(USER=OsvaldirDRamos)))(ADDRESS_LIST=(ADDRESS=(PROTOCOL=ipc)(KEY=Hotel.world))(ADDRESS=(COMMUNITY=tcp.world)(PROTOCOL=TCP)(Host=10.132.8.125)(Port=1521))(ADDRESS=(COMMUNITY=tcp.world)(PROTOCOL=TCP)(Host=10.132.8.125)(Port=1526))))

  VERSION INFORMATION:
	TNS for 32-bit Windows: Version 2.3.2.1.0 - Production
	Windows 32 Named Pipes IPC NT Protocol Adaptor for 32-bit Windows: Version 2.3.2.1.3 - Production
	Windows NT TCP/IP NT Protocol Adapter for 32-bit Windows: Version 2.3.2.1.3 - Production
  Time: 14-MAR-07 14:08:44
  Tracing not turned on.
  Tns error struct:
    nr err code: 12203
    TNS-12203: TNS:unable to connect to destination
    ns main err code: 12541
    TNS-12541: TNS:no listener
    ns secondary err code: 12560
    nt main err code: 511
    TNS-00511: No listener
    nt secondary err code: 61
    nt OS err code: 0
